<?xml version="1.0" encoding="UTF-8"?>
<testng-results skipped="0" failed="0" total="1" passed="1">
  <reporter-output>
  </reporter-output>
  <suite name="Example test run" duration-ms="78" started-at="2019-03-26T06:53:32Z" finished-at="2019-03-26T06:53:32Z">
    <groups>
    </groups>
    <test name="Simple Test" duration-ms="78" started-at="2019-03-26T06:53:32Z" finished-at="2019-03-26T06:53:32Z">
      <class name="pkg1.NewTest">
        <test-method status="PASS" signature="f()[pri:0, instance:pkg1.NewTest@6833ce2c]" name="f" duration-ms="29" started-at="2019-03-26T12:23:32Z" finished-at="2019-03-26T12:23:32Z">
          <reporter-output>
          </reporter-output>
        </test-method> <!-- f -->
      </class> <!-- pkg1.NewTest -->
    </test> <!-- Simple Test -->
  </suite> <!-- Example test run -->
</testng-results>
